<?xml version="1.0" encoding="UTF-8"?>
<!-- Generated by org.testng.reporters.JUnitReportReporter -->
<testsuite skipped="1" hostname="DESKTOP-8AHTIUM" name="test.basics2" tests="2" failures="0" timestamp="15 Aug 2018 21:34:14 GMT" time="0.002" errors="0">
  <testcase name="day1" time="0.002" classname="test.basics2"/>
  <testcase name="day" classname="test.basics2">
    <skipped/>
  </testcase> <!-- day -->
</testsuite> <!-- test.basics2 -->
