<?xml version="1.0" encoding="UTF-8"?>
<!-- Generated by org.testng.reporters.JUnitReportReporter -->
<testsuite skipped="0" hostname="DESKTOP-8AHTIUM" name="testingfiles.annotate" tests="1" failures="0" timestamp="16 Aug 2018 18:28:43 GMT" time="0.006" errors="0">
  <testcase name="software" time="0.006" classname="testingfiles.annotate"/>
</testsuite> <!-- testingfiles.annotate -->
