<?xml version="1.0" encoding="UTF-8"?>
<!-- Generated by org.testng.reporters.JUnitReportReporter -->
<testsuite skipped="0" hostname="DESKTOP-8AHTIUM" name="test.basics" tests="2" failures="0" timestamp="15 Aug 2018 19:28:59 GMT" time="0.017" errors="0">
  <testcase name="Test" time="0.006" classname="test.basics"/>
  <testcase name="Demo" time="0.011" classname="test.basics"/>
</testsuite> <!-- test.basics -->
