<?xml version="1.0" encoding="UTF-8"?>
<!-- Generated by org.testng.reporters.JUnitReportReporter -->
<testsuite skipped="0" hostname="DESKTOP-8AHTIUM" name="testingfiles.dependency" tests="2" failures="0" timestamp="16 Aug 2018 18:38:48 GMT" time="10.747" errors="0">
  <testcase name="OpeningBrowser" time="10.739" classname="testingfiles.dependency"/>
  <testcase name="software" time="0.008" classname="testingfiles.dependency"/>
</testsuite> <!-- testingfiles.dependency -->
