<?xml version="1.0" encoding="UTF-8"?>
<!-- Generated by org.testng.reporters.JUnitReportReporter -->
<testsuite skipped="0" hostname="DESKTOP-8AHTIUM" name="test.login" tests="2" failures="0" timestamp="15 Aug 2018 20:10:42 GMT" time="0.004" errors="0">
  <testcase name="MobileLogin" time="0.002" classname="test.login"/>
  <testcase name="WebSigninhome" time="0.002" classname="test.login"/>
</testsuite> <!-- test.login -->
