<?xml version="1.0" encoding="UTF-8"?>
<!-- Generated by org.testng.reporters.JUnitReportReporter -->
<testsuite skipped="2" hostname="DESKTOP-8AHTIUM" name="test.basics2" tests="4" failures="0" timestamp="16 Aug 2018 17:56:55 GMT" time="0.011" errors="0">
  <testcase name="day2" time="0.003" classname="test.basics2"/>
  <testcase name="day1" time="0.008" classname="test.basics2"/>
  <testcase name="day" classname="test.basics2">
    <skipped/>
  </testcase> <!-- day -->
  <testcase name="day" classname="test.basics2">
    <skipped/>
  </testcase> <!-- day -->
</testsuite> <!-- test.basics2 -->
