<?xml version="1.0" encoding="UTF-8"?>
<!-- Generated by org.testng.reporters.JUnitReportReporter -->
<testsuite skipped="0" hostname="DESKTOP-8AHTIUM" name="test.parameters" tests="4" failures="0" timestamp="16 Aug 2018 07:02:56 GMT" time="0.018" errors="0">
  <testcase name="users" time="0.001" classname="test.parameters"/>
  <testcase name="Website" time="0.013" classname="test.parameters"/>
  <testcase name="users" time="0.002" classname="test.parameters"/>
  <testcase name="users" time="0.002" classname="test.parameters"/>
</testsuite> <!-- test.parameters -->
