<?xml version="1.0" encoding="UTF-8"?>
<!-- Generated by org.testng.reporters.JUnitReportReporter -->
<testsuite skipped="0" hostname="DESKTOP-8AHTIUM" name="test.parameters" tests="1" failures="0" timestamp="16 Aug 2018 00:12:58 GMT" time="0.001" errors="0">
  <testcase name="Website" time="0.001" classname="test.parameters"/>
</testsuite> <!-- test.parameters -->
