<?xml version="1.0" encoding="UTF-8"?>
<!-- Generated by org.testng.reporters.JUnitReportReporter -->
<testsuite skipped="0" hostname="DESKTOP-8AHTIUM" name="test.basics" tests="2" failures="0" timestamp="15 Aug 2018 19:41:50 GMT" time="0.007" errors="0">
  <testcase name="Demo" time="0.005" classname="test.basics"/>
  <testcase name="demo2" time="0.002" classname="test.basics"/>
</testsuite> <!-- test.basics -->
