<?xml version="1.0" encoding="UTF-8"?>
<!-- Generated by org.testng.reporters.JUnitReportReporter -->
<testsuite skipped="0" hostname="DESKTOP-8AHTIUM" name="test.basics" tests="2" failures="0" timestamp="16 Aug 2018 02:58:09 GMT" time="0.114" errors="0">
  <testcase name="Demo" time="0.009" classname="test.basics"/>
  <testcase name="Demo1" time="0.105" classname="test.basics"/>
</testsuite> <!-- test.basics -->
