<?xml version="1.0" encoding="UTF-8"?>
<!-- Generated by org.testng.reporters.JUnitReportReporter -->
<testsuite skipped="0" hostname="DESKTOP-8AHTIUM" name="test.basics2" tests="1" failures="0" timestamp="15 Aug 2018 19:15:29 GMT" time="0.001" errors="0">
  <testcase name="day2" time="0.001" classname="test.basics2"/>
</testsuite> <!-- test.basics2 -->
