<?xml version="1.0" encoding="UTF-8"?>
<!-- Generated by org.testng.reporters.JUnitReportReporter -->
<testsuite skipped="0" hostname="DESKTOP-8AHTIUM" name="test.login" tests="3" failures="0" timestamp="15 Aug 2018 19:15:29 GMT" time="0.005" errors="0">
  <testcase name="LoginApi" time="0.002" classname="test.login"/>
  <testcase name="MobileLogin" time="0.002" classname="test.login"/>
  <testcase name="WebLoginhome" time="0.001" classname="test.login"/>
</testsuite> <!-- test.login -->
