<?xml version="1.0" encoding="UTF-8"?>
<!-- Generated by org.testng.reporters.JUnitReportReporter -->
<testsuite skipped="0" hostname="DESKTOP-8AHTIUM" name="test.login" tests="6" failures="0" timestamp="16 Aug 2018 00:12:58 GMT" time="0.012" errors="0">
  <testcase name="MobileLogin" time="0.001" classname="test.login"/>
  <testcase name="WebLoginhome" time="0.001" classname="test.login"/>
  <testcase name="WebLoginhome" time="0.007" classname="test.login"/>
  <testcase name="WebSigninhome" time="0.001" classname="test.login"/>
  <testcase name="WebSignouthome" time="0.001" classname="test.login"/>
  <testcase name="APIRest" time="0.001" classname="test.login"/>
</testsuite> <!-- test.login -->
