<?xml version="1.0" encoding="UTF-8"?>
<!-- Generated by org.testng.reporters.JUnitReportReporter -->
<testsuite skipped="0" hostname="DESKTOP-8AHTIUM" name="test.login" tests="5" failures="0" timestamp="15 Aug 2018 19:28:59 GMT" time="0.011" errors="0">
  <testcase name="APIRest" time="0.003" classname="test.login"/>
  <testcase name="MobileLogin" time="0.002" classname="test.login"/>
  <testcase name="WebLoginhome" time="0.002" classname="test.login"/>
  <testcase name="WebSigninhome" time="0.002" classname="test.login"/>
  <testcase name="WebSignouthome" time="0.002" classname="test.login"/>
</testsuite> <!-- test.login -->
