<?xml version="1.0" encoding="UTF-8"?>
<!-- Generated by org.testng.reporters.JUnitReportReporter -->
<testsuite skipped="0" hostname="DESKTOP-8AHTIUM" name="test.basics2" tests="2" failures="0" timestamp="15 Aug 2018 20:01:33 GMT" time="0.004" errors="0">
  <testcase name="day1" time="0.002" classname="test.basics2"/>
  <testcase name="day" time="0.002" classname="test.basics2"/>
</testsuite> <!-- test.basics2 -->
