<?xml version="1.0" encoding="UTF-8"?>
<!-- Generated by org.testng.reporters.JUnitReportReporter -->
<testsuite skipped="0" hostname="DESKTOP-8AHTIUM" name="Qaclickacademy.AppiumTest" tests="2" failures="0" timestamp="17 Aug 2018 00:19:12 GMT" time="0.003" errors="0">
  <testcase name="ios" time="0.001" classname="Qaclickacademy.AppiumTest"/>
  <testcase name="Android" time="0.002" classname="Qaclickacademy.AppiumTest"/>
</testsuite> <!-- Qaclickacademy.AppiumTest -->
