<?xml version="1.0" encoding="UTF-8"?>
<!-- Generated by org.testng.reporters.JUnitReportReporter -->
<testsuite skipped="0" hostname="DESKTOP-8AHTIUM" name="Qaclickacademy.helloworld" tests="1" failures="0" timestamp="17 Aug 2018 00:04:47 GMT" time="0.021" errors="0">
  <testcase name="world" time="0.021" classname="Qaclickacademy.helloworld"/>
</testsuite> <!-- Qaclickacademy.helloworld -->
