<?xml version="1.0" encoding="UTF-8"?>
<!-- Generated by org.testng.reporters.JUnitReportReporter -->
<testsuite skipped="0" hostname="DESKTOP-8AHTIUM" name="Qaclickacademy.RestAPI" tests="2" failures="0" timestamp="16 Aug 2018 20:48:46 GMT" time="0.019" errors="0">
  <testcase name="rest" time="0.017" classname="Qaclickacademy.RestAPI"/>
  <testcase name="soap" time="0.002" classname="Qaclickacademy.RestAPI"/>
</testsuite> <!-- Qaclickacademy.RestAPI -->
