<?xml version="1.0" encoding="UTF-8"?>
<!-- Generated by org.testng.reporters.JUnitReportReporter -->
<testsuite skipped="0" hostname="DESKTOP-8AHTIUM" name="Qaclickacademy.seleniumTest" tests="2" failures="0" timestamp="17 Aug 2018 00:19:12 GMT" time="0.004" errors="0">
  <testcase name="elementsUI" time="0.003" classname="Qaclickacademy.seleniumTest"/>
  <testcase name="BrowserAutomation" time="0.001" classname="Qaclickacademy.seleniumTest"/>
</testsuite> <!-- Qaclickacademy.seleniumTest -->
