<?xml version="1.0" encoding="UTF-8"?>
<!-- Generated by org.testng.reporters.JUnitReportReporter -->
<testsuite skipped="0" hostname="DESKTOP-8AHTIUM" name="Qaclickacademy.helloworldTest" tests="1" failures="0" timestamp="17 Aug 2018 00:19:12 GMT" time="0.012" errors="0">
  <testcase name="world" time="0.012" classname="Qaclickacademy.helloworldTest"/>
</testsuite> <!-- Qaclickacademy.helloworldTest -->
