<?xml version="1.0" encoding="UTF-8"?>
<!-- Generated by org.testng.reporters.JUnitReportReporter -->
<testsuite skipped="0" hostname="DESKTOP-8AHTIUM" name="Qaclickacademy.RestAPITest" tests="2" failures="0" timestamp="17 Aug 2018 00:37:47 GMT" time="0.000" errors="0">
  <testcase name="rest" time="0.000" classname="Qaclickacademy.RestAPITest"/>
  <testcase name="soap" time="0.000" classname="Qaclickacademy.RestAPITest"/>
</testsuite> <!-- Qaclickacademy.RestAPITest -->
